start.pl using Perl 5.018001
plackup /home/ec2-user/dancer961/testapp/bin/app.pl
app.pl using Perl 5.018001
Error while loading /home/ec2-user/dancer961/testapp/bin/app.pl: Could not load environment file '/home/ec2-user/dancer961/testapp/environments/development.yml', and require_environment is set at /home/ec2-user/dancer961/local/lib/perl5/Dancer/Config.pm line 201.
	Dancer::Config::load('Dancer::Config') called at /home/ec2-user/dancer961/local/lib/perl5/Dancer.pm line 471
	Dancer::_start() called at /home/ec2-user/dancer961/testapp/bin/app.pl line 5
	require /home/ec2-user/dancer961/testapp/bin/app.pl called at (eval 9) line 3
	eval 'package Plack::Sandbox::_2fhome_2fec2_2duser_2fdancer961_2ftestapp_2fbin_2fapp_2epl;
{
    my $app = do $_file;
    if ( !$app && ( my $error = $@ || $! )) { die $error; }
    $app;
}
' called at /home/ec2-user/dancer961/local/lib/perl5/Plack/Util.pm line 117
	Plack::Util::_load_sandbox('/home/ec2-user/dancer961/testapp/bin/app.pl') called at /home/ec2-user/dancer961/local/lib/perl5/Plack/Util.pm line 133
	Plack::Util::load_psgi('/home/ec2-user/dancer961/testapp/bin/app.pl') called at /home/ec2-user/dancer961/local/lib/perl5/Plack/Runner.pm line 179
	Plack::Runner::__ANON__() called at /home/ec2-user/dancer961/local/lib/perl5/Plack/Runner.pm line 24
	Plack::Runner::__ANON__() called at /home/ec2-user/dancer961/local/lib/perl5/Plack/Runner.pm line 24
	Plack::Runner::__ANON__() called at /home/ec2-user/dancer961/local/lib/perl5/Plack/Runner.pm line 24
	Plack::Runner::__ANON__() called at /home/ec2-user/dancer961/local/lib/perl5/Plack/Runner.pm line 24
	Plack::Runner::__ANON__() called at /home/ec2-user/dancer961/local/lib/perl5/Plack/Loader.pm line 55
	Plack::Loader::preload_app('Plack::Loader=HASH(0x8951a18)', 'CODE(0x8a20680)') called at /home/ec2-user/dancer961/local/lib/perl5/Plack/Runner.pm line 274
	Plack::Runner::run('Plack::Runner=HASH(0x8863c78)') called at /home/ec2-user/dancer961/local/bin/plackup line 10
